  background-manager.cpp
D:\Projects\flappy-bird-SFML\flappy-bird-SFML\background-manager.cpp(29,20): warning C4018: '<': signed/unsigned mismatch
D:\Projects\flappy-bird-SFML\flappy-bird-SFML\background-manager.cpp(31,38): warning C4244: 'argument': conversion from 'int' to 'T', possible loss of data
          with
          [
              T=float
          ]
D:\Projects\flappy-bird-SFML\flappy-bird-SFML\background-manager.cpp(40,20): warning C4018: '<': signed/unsigned mismatch
D:\Projects\flappy-bird-SFML\flappy-bird-SFML\background-manager.cpp(42,40): warning C4244: 'argument': conversion from 'int' to 'T', possible loss of data
          with
          [
              T=float
          ]
D:\Projects\flappy-bird-SFML\flappy-bird-SFML\background-manager.cpp(60,65): warning C4244: 'argument': conversion from 'double' to 'T', possible loss of data
          with
          [
              T=float
          ]
D:\Projects\flappy-bird-SFML\flappy-bird-SFML\background-manager.cpp(60,42): warning C4244: 'argument': conversion from 'double' to 'T', possible loss of data
          with
          [
              T=float
          ]
D:\Projects\flappy-bird-SFML\flappy-bird-SFML\background-manager.cpp(68,65): warning C4244: 'argument': conversion from 'double' to 'T', possible loss of data
          with
          [
              T=float
          ]
D:\Projects\flappy-bird-SFML\flappy-bird-SFML\background-manager.cpp(68,41): warning C4244: 'argument': conversion from 'double' to 'T', possible loss of data
          with
          [
              T=float
          ]
D:\Projects\flappy-bird-SFML\flappy-bird-SFML\background-manager.cpp(74,91): warning C4244: 'argument': conversion from 'double' to 'T', possible loss of data
          with
          [
              T=float
          ]
D:\Projects\flappy-bird-SFML\flappy-bird-SFML\background-manager.cpp(96,13): warning C4244: 'initializing': conversion from 'double' to 'int', possible loss of data
D:\Projects\flappy-bird-SFML\flappy-bird-SFML\background-manager.cpp(101,87): warning C4244: 'argument': conversion from 'const double' to 'float', possible loss of data
D:\Projects\flappy-bird-SFML\flappy-bird-SFML\background-manager.cpp(102,46): warning C4244: '=': conversion from 'const T' to 'int', possible loss of data
          with
          [
              T=float
          ]
D:\Projects\flappy-bird-SFML\flappy-bird-SFML\background-manager.cpp(111,79): warning C4244: 'argument': conversion from 'const double' to 'float', possible loss of data
D:\Projects\flappy-bird-SFML\flappy-bird-SFML\background-manager.cpp(111,51): warning C4244: 'argument': conversion from 'double' to 'float', possible loss of data
D:\Projects\flappy-bird-SFML\flappy-bird-SFML\background-manager.cpp(134,42): warning C4018: '<': signed/unsigned mismatch
D:\Projects\flappy-bird-SFML\flappy-bird-SFML\background-manager.cpp(134,94): warning C4244: '+=': conversion from 'T' to 'int', possible loss of data
          with
          [
              T=float
          ]
D:\Projects\flappy-bird-SFML\flappy-bird-SFML\background-manager.cpp(151,55): warning C4244: 'argument': conversion from 'double' to 'float', possible loss of data
D:\Projects\flappy-bird-SFML\flappy-bird-SFML\background-manager.cpp(151,21): warning C4244: 'argument': conversion from 'int' to 'float', possible loss of data
D:\Projects\flappy-bird-SFML\flappy-bird-SFML\background-manager.cpp(152,94): warning C4244: 'argument': conversion from 'double' to 'float', possible loss of data
D:\Projects\flappy-bird-SFML\flappy-bird-SFML\background-manager.cpp(152,22): warning C4244: 'argument': conversion from 'int' to 'float', possible loss of data
D:\Projects\flappy-bird-SFML\flappy-bird-SFML\background-manager.cpp(162,19): warning C4244: 'argument': conversion from 'double' to 'float', possible loss of data
D:\Projects\flappy-bird-SFML\flappy-bird-SFML\background-manager.cpp(174,29): warning C4244: '=': conversion from 'const T' to 'int', possible loss of data
          with
          [
              T=float
          ]
D:\Projects\flappy-bird-SFML\flappy-bird-SFML\background-manager.cpp(179,36): warning C4244: 'argument': conversion from 'int' to 'T', possible loss of data
          with
          [
              T=float
          ]
D:\Projects\flappy-bird-SFML\flappy-bird-SFML\background-manager.cpp(199,110): warning C4244: 'argument': conversion from 'double' to 'int', possible loss of data
D:\Projects\flappy-bird-SFML\flappy-bird-SFML\background-manager.cpp(199,51): warning C4244: 'argument': conversion from 'T' to 'int', possible loss of data
          with
          [
              T=float
          ]
D:\Projects\flappy-bird-SFML\flappy-bird-SFML\background-manager.cpp(200,149): warning C4244: 'argument': conversion from 'double' to 'int', possible loss of data
D:\Projects\flappy-bird-SFML\flappy-bird-SFML\background-manager.cpp(200,52): warning C4244: 'argument': conversion from 'T' to 'int', possible loss of data
          with
          [
              T=float
          ]
  main.cpp
D:\Projects\flappy-bird-SFML\flappy-bird-SFML\main.cpp(12,39): warning C4244: 'argument': conversion from 'double' to 'int', possible loss of data
D:\Projects\flappy-bird-SFML\flappy-bird-SFML\main.cpp(12,23): warning C4244: 'argument': conversion from 'double' to 'int', possible loss of data
D:\Projects\flappy-bird-SFML\flappy-bird-SFML\main.cpp(15,24): warning C4244: 'initializing': conversion from 'float' to 'int', possible loss of data
D:\Projects\flappy-bird-SFML\flappy-bird-SFML\main.cpp(35,98): warning C4244: 'argument': conversion from 'T' to 'T', possible loss of data
          with
          [
              T=unsigned int
          ]
          and
          [
              T=float
          ]
D:\Projects\flappy-bird-SFML\flappy-bird-SFML\main.cpp(35,68): warning C4244: 'argument': conversion from 'T' to 'T', possible loss of data
          with
          [
              T=unsigned int
          ]
          and
          [
              T=float
          ]
D:\Projects\flappy-bird-SFML\flappy-bird-SFML\main.cpp(126,17): warning C4244: 'argument': conversion from 'double' to 'float', possible loss of data
  pipe.cpp
D:\Projects\flappy-bird-SFML\flappy-bird-SFML\pipe.cpp(6,23): warning C4244: 'argument': conversion from 'int' to 'float', possible loss of data
D:\Projects\flappy-bird-SFML\flappy-bird-SFML\pipe.cpp(6,20): warning C4244: 'argument': conversion from 'int' to 'float', possible loss of data
D:\Projects\flappy-bird-SFML\flappy-bird-SFML\pipe.cpp(29,75): warning C4244: 'argument': conversion from 'T' to 'T', possible loss of data
          with
          [
              T=unsigned int
          ]
          and
          [
              T=float
          ]
D:\Projects\flappy-bird-SFML\flappy-bird-SFML\pipe.cpp(29,50): warning C4244: 'argument': conversion from 'T' to 'T', possible loss of data
          with
          [
              T=unsigned int
          ]
          and
          [
              T=float
          ]
  player.cpp
D:\Projects\flappy-bird-SFML\flappy-bird-SFML\player.cpp(8,36): warning C4244: 'argument': conversion from 'const int' to 'T', possible loss of data
          with
          [
              T=float
          ]
D:\Projects\flappy-bird-SFML\flappy-bird-SFML\player.cpp(8,29): warning C4244: 'argument': conversion from 'const int' to 'T', possible loss of data
          with
          [
              T=float
          ]
D:\Projects\flappy-bird-SFML\flappy-bird-SFML\player.cpp(9,23): warning C4244: 'argument': conversion from 'int' to 'float', possible loss of data
D:\Projects\flappy-bird-SFML\flappy-bird-SFML\player.cpp(9,20): warning C4244: 'argument': conversion from 'int' to 'float', possible loss of data
D:\Projects\flappy-bird-SFML\flappy-bird-SFML\player.cpp(34,10): warning C4244: 'argument': conversion from 'double' to 'float', possible loss of data
D:\Projects\flappy-bird-SFML\flappy-bird-SFML\player.cpp(104,28): warning C4244: 'argument': conversion from 'double' to 'float', possible loss of data
D:\Projects\flappy-bird-SFML\flappy-bird-SFML\player.cpp(104,20): warning C4244: 'argument': conversion from 'double' to 'float', possible loss of data
  Generating code
  12 of 219 functions ( 5.5%) were compiled, the rest were copied from previous compilation.
    1 functions were new in current compilation
    6 functions had inline decision re-evaluated but remain unchanged
  Finished generating code
  flappy-bird-SFML.vcxproj -> D:\Projects\flappy-bird-SFML\flappy-bird-SFML\Release\flappy-bird-SFML.exe
