  main.cpp
D:\Projects\flappy-bird-SFML\flappy-bird-SFML\visual-studio-project\main.cpp(54,98): warning C4244: 'argument': conversion from 'T' to 'T', possible loss of data
          with
          [
              T=unsigned int
          ]
          and
          [
              T=float
          ]
D:\Projects\flappy-bird-SFML\flappy-bird-SFML\visual-studio-project\main.cpp(54,68): warning C4244: 'argument': conversion from 'T' to 'T', possible loss of data
          with
          [
              T=unsigned int
          ]
          and
          [
              T=float
          ]
D:\Projects\flappy-bird-SFML\flappy-bird-SFML\visual-studio-project\main.cpp(165,36): warning C4244: 'argument': conversion from 'double' to 'float', possible loss of data
D:\Projects\flappy-bird-SFML\flappy-bird-SFML\visual-studio-project\main.cpp(170,38): warning C4244: 'argument': conversion from 'double' to 'float', possible loss of data
D:\Projects\flappy-bird-SFML\flappy-bird-SFML\visual-studio-project\main.cpp(189,17): warning C4244: 'argument': conversion from 'double' to 'float', possible loss of data
D:\Projects\flappy-bird-SFML\flappy-bird-SFML\visual-studio-project\main.cpp(263,70): warning C4244: 'argument': conversion from 'double' to 'float', possible loss of data
D:\Projects\flappy-bird-SFML\flappy-bird-SFML\visual-studio-project\main.cpp(263,29): warning C4244: 'argument': conversion from 'double' to 'float', possible loss of data
D:\Projects\flappy-bird-SFML\flappy-bird-SFML\visual-studio-project\main.cpp(264,78): warning C4244: 'argument': conversion from 'double' to 'float', possible loss of data
D:\Projects\flappy-bird-SFML\flappy-bird-SFML\visual-studio-project\main.cpp(264,29): warning C4244: 'argument': conversion from 'double' to 'float', possible loss of data
D:\Projects\flappy-bird-SFML\flappy-bird-SFML\visual-studio-project\main.cpp(265,60): warning C4244: 'argument': conversion from 'double' to 'float', possible loss of data
D:\Projects\flappy-bird-SFML\flappy-bird-SFML\visual-studio-project\main.cpp(265,30): warning C4244: 'argument': conversion from 'double' to 'float', possible loss of data
D:\Projects\flappy-bird-SFML\flappy-bird-SFML\visual-studio-project\main.cpp(266,74): warning C4244: 'argument': conversion from 'double' to 'float', possible loss of data
D:\Projects\flappy-bird-SFML\flappy-bird-SFML\visual-studio-project\main.cpp(266,32): warning C4244: 'argument': conversion from 'double' to 'float', possible loss of data
D:\Projects\flappy-bird-SFML\flappy-bird-SFML\visual-studio-project\main.cpp(267,74): warning C4244: 'argument': conversion from 'double' to 'float', possible loss of data
D:\Projects\flappy-bird-SFML\flappy-bird-SFML\visual-studio-project\main.cpp(267,32): warning C4244: 'argument': conversion from 'double' to 'float', possible loss of data
D:\Projects\flappy-bird-SFML\flappy-bird-SFML\visual-studio-project\main.cpp(268,74): warning C4244: 'argument': conversion from 'double' to 'float', possible loss of data
D:\Projects\flappy-bird-SFML\flappy-bird-SFML\visual-studio-project\main.cpp(268,32): warning C4244: 'argument': conversion from 'double' to 'float', possible loss of data
D:\Projects\flappy-bird-SFML\flappy-bird-SFML\visual-studio-project\main.cpp(316,104): warning C4244: 'argument': conversion from 'T' to 'T', possible loss of data
          with
          [
              T=unsigned int
          ]
          and
          [
              T=float
          ]
D:\Projects\flappy-bird-SFML\flappy-bird-SFML\visual-studio-project\main.cpp(316,69): warning C4244: 'argument': conversion from 'T' to 'T', possible loss of data
          with
          [
              T=unsigned int
          ]
          and
          [
              T=float
          ]
D:\Projects\flappy-bird-SFML\flappy-bird-SFML\visual-studio-project\main.cpp(317,110): warning C4244: 'argument': conversion from 'T' to 'T', possible loss of data
          with
          [
              T=unsigned int
          ]
          and
          [
              T=float
          ]
D:\Projects\flappy-bird-SFML\flappy-bird-SFML\visual-studio-project\main.cpp(317,73): warning C4244: 'argument': conversion from 'T' to 'T', possible loss of data
          with
          [
              T=unsigned int
          ]
          and
          [
              T=float
          ]
  Generating code
  17 of 255 functions ( 6.7%) were compiled, the rest were copied from previous compilation.
    0 functions were new in current compilation
    1 functions had inline decision re-evaluated but remain unchanged
  Finished generating code
  flappy-bird-SFML.vcxproj -> D:\Projects\flappy-bird-SFML\flappy-bird-SFML\visual-studio-project\Release\flappy-bird-SFML.exe
